0 info it worked if it ends with ok
1 verbose cli [ '/usr/local/bin/node', '/usr/local/bin/npm', 'start' ]
2 info using npm@3.8.6
3 info using node@v5.11.1
4 verbose run-script [ 'prestart', 'start', 'poststart' ]
5 info lifecycle talkiejob@0.0.1~prestart: talkiejob@0.0.1
6 silly lifecycle talkiejob@0.0.1~prestart: no script for prestart, continuing
7 info lifecycle talkiejob@0.0.1~start: talkiejob@0.0.1
8 verbose lifecycle talkiejob@0.0.1~start: unsafe-perm in lifecycle true
9 verbose lifecycle talkiejob@0.0.1~start: PATH: /usr/local/lib/node_modules/npm/bin/node-gyp-bin:/home/ssanchez/Escritorio/gitrepositories/talkiejob/node_modules/.bin:/usr/local/bin:/usr/local/heroku/bin:/home/ssanchez/bin:/usr/local/sbin:/usr/local/bin:/usr/sbin:/usr/bin:/sbin:/bin:/usr/games:/usr/local/games:/snap/bin
10 verbose lifecycle talkiejob@0.0.1~start: CWD: /home/ssanchez/Escritorio/gitrepositories/talkiejob
11 silly lifecycle talkiejob@0.0.1~start: Args: [ '-c', 'node app.js' ]
12 silly lifecycle talkiejob@0.0.1~start: Returned: code: 1  signal: null
13 info lifecycle talkiejob@0.0.1~start: Failed to exec start script
14 verbose stack Error: talkiejob@0.0.1 start: `node app.js`
14 verbose stack Exit status 1
14 verbose stack     at EventEmitter.<anonymous> (/usr/local/lib/node_modules/npm/lib/utils/lifecycle.js:239:16)
14 verbose stack     at emitTwo (events.js:100:13)
14 verbose stack     at EventEmitter.emit (events.js:185:7)
14 verbose stack     at ChildProcess.<anonymous> (/usr/local/lib/node_modules/npm/lib/utils/spawn.js:24:14)
14 verbose stack     at emitTwo (events.js:100:13)
14 verbose stack     at ChildProcess.emit (events.js:185:7)
14 verbose stack     at maybeClose (internal/child_process.js:850:16)
14 verbose stack     at Process.ChildProcess._handle.onexit (internal/child_process.js:215:5)
15 verbose pkgid talkiejob@0.0.1
16 verbose cwd /home/ssanchez/Escritorio/gitrepositories/talkiejob
17 error Linux 4.4.0-53-generic
18 error argv "/usr/local/bin/node" "/usr/local/bin/npm" "start"
19 error node v5.11.1
20 error npm  v3.8.6
21 error code ELIFECYCLE
22 error talkiejob@0.0.1 start: `node app.js`
22 error Exit status 1
23 error Failed at the talkiejob@0.0.1 start script 'node app.js'.
23 error Make sure you have the latest version of node.js and npm installed.
23 error If you do, this is most likely a problem with the talkiejob package,
23 error not with npm itself.
23 error Tell the author that this fails on your system:
23 error     node app.js
23 error You can get information on how to open an issue for this project with:
23 error     npm bugs talkiejob
23 error Or if that isn't available, you can get their info via:
23 error     npm owner ls talkiejob
23 error There is likely additional logging output above.
24 verbose exit [ 1, true ]
